0 info it worked if it ends with ok
1 verbose cli [ 'C:\\Program Files\\nodejs\\node.exe',
1 verbose cli   'C:\\Program Files\\nodejs\\node_modules\\npm\\bin\\npm-cli.js',
1 verbose cli   'run',
1 verbose cli   'protractor' ]
2 info using npm@4.0.5
3 info using node@v7.4.0
4 verbose run-script [ 'preprotractor', 'protractor', 'postprotractor' ]
5 info lifecycle angular-phonecat@0.0.0~preprotractor: angular-phonecat@0.0.0
6 verbose lifecycle angular-phonecat@0.0.0~preprotractor: unsafe-perm in lifecycle true
7 verbose lifecycle angular-phonecat@0.0.0~preprotractor: PATH: C:\Program Files\nodejs\node_modules\npm\bin\node-gyp-bin;D:\ProjectCode\JavaScript\AngularJs_DK\node_modules\.bin;C:\Users\Administrator\bin;D:\应用\Git\mingw64\bin;D:\应用\Git\usr\local\bin;D:\应用\Git\usr\bin;D:\应用\Git\usr\bin;D:\应用\Git\mingw64\bin;D:\应用\Git\usr\bin;C:\Users\Administrator\bin;C:\ProgramData\Oracle\Java\javapath;C:\Python36\Scripts;C:\Python36;C:\Windows\system32;C:\Windows;C:\Windows\System32\Wbem;C:\Windows\System32\WindowsPowerShell\v1.0;C:\Program Files\Intel\WiFi\bin;C:\Program Files\Common Files\Intel\WirelessCommon;C:\Program Files\Lenovo\Touch Fingerprint Software;C:\Program Files\Java\jdk1.8.0_102\bin;C:\Program Files\Java\jdk1.8.0_102\jre\bin;C:\Python36;C:\Python36\Scripts;C:\Program Files\Java\jdk1.8.0_102\bin;C:\Program Files\Java\jdk1.8.0_102\jre\bin;C:\Windows\system32\config\systemprofile\.dnx\bin;C:\Program Files\Microsoft DNX\Dnvm;C:\Program Files\Microsoft SQL Server\130\Tools\Binn;C:\php7;C:\php7\ext;D:\应用\ultredit;C;C:\Program Files (x86)\ISC BIND 9\bin;C:\Program Files\nodejs;D:\应用\Git\cmd;C:\Users\Administrator\AppData\Roaming\npm;D:\应用\Git\usr\bin\vendor_perl;D:\应用\Git\usr\bin\core_perl
8 verbose lifecycle angular-phonecat@0.0.0~preprotractor: CWD: D:\ProjectCode\JavaScript\AngularJs_DK
9 silly lifecycle angular-phonecat@0.0.0~preprotractor: Args: [ '/d /s /c', 'npm run update-webdriver' ]
10 silly lifecycle angular-phonecat@0.0.0~preprotractor: Returned: code: 0  signal: null
11 info lifecycle angular-phonecat@0.0.0~protractor: angular-phonecat@0.0.0
12 verbose lifecycle angular-phonecat@0.0.0~protractor: unsafe-perm in lifecycle true
13 verbose lifecycle angular-phonecat@0.0.0~protractor: PATH: C:\Program Files\nodejs\node_modules\npm\bin\node-gyp-bin;D:\ProjectCode\JavaScript\AngularJs_DK\node_modules\.bin;C:\Users\Administrator\bin;D:\应用\Git\mingw64\bin;D:\应用\Git\usr\local\bin;D:\应用\Git\usr\bin;D:\应用\Git\usr\bin;D:\应用\Git\mingw64\bin;D:\应用\Git\usr\bin;C:\Users\Administrator\bin;C:\ProgramData\Oracle\Java\javapath;C:\Python36\Scripts;C:\Python36;C:\Windows\system32;C:\Windows;C:\Windows\System32\Wbem;C:\Windows\System32\WindowsPowerShell\v1.0;C:\Program Files\Intel\WiFi\bin;C:\Program Files\Common Files\Intel\WirelessCommon;C:\Program Files\Lenovo\Touch Fingerprint Software;C:\Program Files\Java\jdk1.8.0_102\bin;C:\Program Files\Java\jdk1.8.0_102\jre\bin;C:\Python36;C:\Python36\Scripts;C:\Program Files\Java\jdk1.8.0_102\bin;C:\Program Files\Java\jdk1.8.0_102\jre\bin;C:\Windows\system32\config\systemprofile\.dnx\bin;C:\Program Files\Microsoft DNX\Dnvm;C:\Program Files\Microsoft SQL Server\130\Tools\Binn;C:\php7;C:\php7\ext;D:\应用\ultredit;C;C:\Program Files (x86)\ISC BIND 9\bin;C:\Program Files\nodejs;D:\应用\Git\cmd;C:\Users\Administrator\AppData\Roaming\npm;D:\应用\Git\usr\bin\vendor_perl;D:\应用\Git\usr\bin\core_perl
14 verbose lifecycle angular-phonecat@0.0.0~protractor: CWD: D:\ProjectCode\JavaScript\AngularJs_DK
15 silly lifecycle angular-phonecat@0.0.0~protractor: Args: [ '/d /s /c', 'protractor e2e-tests/protractor.conf.js' ]
16 silly lifecycle angular-phonecat@0.0.0~protractor: Returned: code: 1  signal: null
17 info lifecycle angular-phonecat@0.0.0~protractor: Failed to exec protractor script
18 verbose stack Error: angular-phonecat@0.0.0 protractor: `protractor e2e-tests/protractor.conf.js`
18 verbose stack Exit status 1
18 verbose stack     at EventEmitter.<anonymous> (C:\Program Files\nodejs\node_modules\npm\lib\utils\lifecycle.js:279:16)
18 verbose stack     at emitTwo (events.js:106:13)
18 verbose stack     at EventEmitter.emit (events.js:191:7)
18 verbose stack     at ChildProcess.<anonymous> (C:\Program Files\nodejs\node_modules\npm\lib\utils\spawn.js:40:14)
18 verbose stack     at emitTwo (events.js:106:13)
18 verbose stack     at ChildProcess.emit (events.js:191:7)
18 verbose stack     at maybeClose (internal/child_process.js:885:16)
18 verbose stack     at Process.ChildProcess._handle.onexit (internal/child_process.js:226:5)
19 verbose pkgid angular-phonecat@0.0.0
20 verbose cwd D:\ProjectCode\JavaScript\AngularJs_DK
21 error Windows_NT 6.1.7601
22 error argv "C:\\Program Files\\nodejs\\node.exe" "C:\\Program Files\\nodejs\\node_modules\\npm\\bin\\npm-cli.js" "run" "protractor"
23 error node v7.4.0
24 error npm  v4.0.5
25 error code ELIFECYCLE
26 error angular-phonecat@0.0.0 protractor: `protractor e2e-tests/protractor.conf.js`
26 error Exit status 1
27 error Failed at the angular-phonecat@0.0.0 protractor script 'protractor e2e-tests/protractor.conf.js'.
27 error Make sure you have the latest version of node.js and npm installed.
27 error If you do, this is most likely a problem with the angular-phonecat package,
27 error not with npm itself.
27 error Tell the author that this fails on your system:
27 error     protractor e2e-tests/protractor.conf.js
27 error You can get information on how to open an issue for this project with:
27 error     npm bugs angular-phonecat
27 error Or if that isn't available, you can get their info via:
27 error     npm owner ls angular-phonecat
27 error There is likely additional logging output above.
28 verbose exit [ 1, true ]
